<?xml version="1.0" encoding="UTF-8"?>
<testng-results ignored="0" total="1" passed="1" failed="0" skipped="0">
  <reporter-output>
  </reporter-output>
  <suite started-at="2025-01-29T22:38:13 IST" name="Default suite" finished-at="2025-01-29T22:38:21 IST" duration-ms="8335">
    <groups>
    </groups>
    <test started-at="2025-01-29T22:38:13 IST" name="Default test" finished-at="2025-01-29T22:38:21 IST" duration-ms="8335">
      <class name="orangeHRM_modules.login_screen">
        <test-method is-config="true" signature="login()[pri:0, instance:orangeHRM_modules.login_screen@51399530]" started-at="2025-01-29T22:38:13 IST" name="login" finished-at="2025-01-29T22:38:17 IST" duration-ms="4116" status="PASS">
          <reporter-output>
          </reporter-output>
        </test-method> <!-- login -->
        <test-method signature="val_login()[pri:0, instance:orangeHRM_modules.login_screen@51399530]" started-at="2025-01-29T22:38:17 IST" name="val_login" finished-at="2025-01-29T22:38:19 IST" duration-ms="1686" status="PASS">
          <reporter-output>
          </reporter-output>
        </test-method> <!-- val_login -->
        <test-method is-config="true" signature="logout()[pri:0, instance:orangeHRM_modules.login_screen@51399530]" started-at="2025-01-29T22:38:19 IST" name="logout" finished-at="2025-01-29T22:38:21 IST" duration-ms="2505" status="PASS">
          <reporter-output>
          </reporter-output>
        </test-method> <!-- logout -->
      </class> <!-- orangeHRM_modules.login_screen -->
    </test> <!-- Default test -->
  </suite> <!-- Default suite -->
</testng-results>
